android/build/outputs/logs/manifest-merger-debug-report.txt
-- Merging decision tree log ---
manifest
ADDED from AndroidManifest.xml:17:1
	package
		ADDED from AndroidManifest.xml:18:11
		INJECTED from AndroidManifest.xml:0:0
		INJECTED from AndroidManifest.xml:0:0
	android:versionName
		ADDED from AndroidManifest.xml:19:11
	android:versionCode
		ADDED from AndroidManifest.xml:20:11
		INJECTED from AndroidManifest.xml:0:0
		INJECTED from AndroidManifest.xml:0:0
	xmlns:android
		ADDED from AndroidManifest.xml:17:11
	android:installLocation
		ADDED from AndroidManifest.xml:21:11
uses-permission#android.permission.CAMERA
ADDED from AndroidManifest.xml:23:3
	android:name
		ADDED from AndroidManifest.xml:23:20
uses-permission#android.permission.INTERNET
ADDED from AndroidManifest.xml:24:3
	android:name
		ADDED from AndroidManifest.xml:24:20
uses-permission#android.permission.VIBRATE
ADDED from AndroidManifest.xml:25:3
	android:name
		ADDED from AndroidManifest.xml:25:20
uses-permission#android.permission.FLASHLIGHT
ADDED from AndroidManifest.xml:26:3
	android:name
		ADDED from AndroidManifest.xml:26:20
uses-permission#android.permission.READ_CONTACTS
ADDED from AndroidManifest.xml:27:3
	android:name
		ADDED from AndroidManifest.xml:27:20
uses-permission#com.android.browser.permission.READ_HISTORY_BOOKMARKS
ADDED from AndroidManifest.xml:29:3
	android:name
		ADDED from AndroidManifest.xml:29:20
uses-permission#android.permission.WRITE_EXTERNAL_STORAGE
ADDED from AndroidManifest.xml:30:3
	android:name
		ADDED from AndroidManifest.xml:30:20
uses-permission#android.permission.CHANGE_WIFI_STATE
ADDED from AndroidManifest.xml:31:3
	android:name
		ADDED from AndroidManifest.xml:31:20
uses-permission#android.permission.ACCESS_WIFI_STATE
ADDED from AndroidManifest.xml:32:3
	android:name
		ADDED from AndroidManifest.xml:32:20
uses-sdk
ADDED from AndroidManifest.xml:34:3
MERGED from com.android.support:appcompat-v7:25.2.0:21:5
MERGED from com.android.support:support-v4:25.2.0:21:5
MERGED from com.android.support:support-compat:25.2.0:21:5
MERGED from com.android.support:support-media-compat:25.2.0:21:5
MERGED from com.android.support:support-compat:25.2.0:21:5
MERGED from com.android.support:support-core-utils:25.2.0:21:5
MERGED from com.android.support:support-compat:25.2.0:21:5
MERGED from com.android.support:support-core-ui:25.2.0:21:5
MERGED from com.android.support:support-compat:25.2.0:21:5
MERGED from com.android.support:support-fragment:25.2.0:21:5
MERGED from com.android.support:support-compat:25.2.0:21:5
MERGED from com.android.support:support-media-compat:25.2.0:21:5
MERGED from com.android.support:support-compat:25.2.0:21:5
MERGED from com.android.support:support-core-ui:25.2.0:21:5
MERGED from com.android.support:support-compat:25.2.0:21:5
MERGED from com.android.support:support-core-utils:25.2.0:21:5
MERGED from com.android.support:support-compat:25.2.0:21:5
MERGED from com.android.support:support-vector-drawable:25.2.0:21:5
MERGED from com.android.support:support-compat:25.2.0:21:5
MERGED from com.android.support:animated-vector-drawable:25.2.0:20:5
MERGED from com.android.support:support-vector-drawable:25.2.0:21:5
MERGED from com.android.support:support-compat:25.2.0:21:5
	tools:overrideLibrary
		ADDED from com.android.support:appcompat-v7:25.2.0:23:9
	android:targetSdkVersion
		ADDED from AndroidManifest.xml:34:40
		INJECTED from AndroidManifest.xml:0:0
		INJECTED from AndroidManifest.xml:0:0
	android:minSdkVersion
		ADDED from AndroidManifest.xml:34:13
		INJECTED from AndroidManifest.xml:0:0
		INJECTED from AndroidManifest.xml:0:0
uses-feature#android.hardware.camera.any
ADDED from AndroidManifest.xml:36:3
	android:name
		ADDED from AndroidManifest.xml:36:17
uses-feature#android.hardware.camera.autofocus
ADDED from AndroidManifest.xml:37:3
	android:required
		ADDED from AndroidManifest.xml:37:66
	android:name
		ADDED from AndroidManifest.xml:37:17
uses-feature#android.hardware.camera.flash
ADDED from AndroidManifest.xml:38:3
	android:required
		ADDED from AndroidManifest.xml:38:62
	android:name
		ADDED from AndroidManifest.xml:38:17
uses-feature#android.hardware.screen.landscape
ADDED from AndroidManifest.xml:39:3
	android:name
		ADDED from AndroidManifest.xml:39:17
uses-feature#android.hardware.wifi
ADDED from AndroidManifest.xml:40:3
	android:required
		ADDED from AndroidManifest.xml:40:54
	android:name
		ADDED from AndroidManifest.xml:40:17
application
ADDED from AndroidManifest.xml:42:3
MERGED from com.android.support:appcompat-v7:25.2.0:25:5
MERGED from com.android.support:support-v4:25.2.0:25:5
MERGED from com.android.support:support-compat:25.2.0:25:5
MERGED from com.android.support:support-media-compat:25.2.0:25:5
MERGED from com.android.support:support-compat:25.2.0:25:5
MERGED from com.android.support:support-core-utils:25.2.0:25:5
MERGED from com.android.support:support-compat:25.2.0:25:5
MERGED from com.android.support:support-core-ui:25.2.0:25:5
MERGED from com.android.support:support-compat:25.2.0:25:5
MERGED from com.android.support:support-fragment:25.2.0:25:5
MERGED from com.android.support:support-compat:25.2.0:25:5
MERGED from com.android.support:support-media-compat:25.2.0:25:5
MERGED from com.android.support:support-compat:25.2.0:25:5
MERGED from com.android.support:support-core-ui:25.2.0:25:5
MERGED from com.android.support:support-compat:25.2.0:25:5
MERGED from com.android.support:support-core-utils:25.2.0:25:5
MERGED from com.android.support:support-compat:25.2.0:25:5
MERGED from com.android.support:support-vector-drawable:25.2.0:23:5
MERGED from com.android.support:support-compat:25.2.0:25:5
MERGED from com.android.support:animated-vector-drawable:25.2.0:22:5
MERGED from com.android.support:support-vector-drawable:25.2.0:23:5
MERGED from com.android.support:support-compat:25.2.0:25:5
	android:label
		ADDED from AndroidManifest.xml:44:16
	android:allowBackup
		ADDED from AndroidManifest.xml:45:16
	android:icon
		ADDED from AndroidManifest.xml:42:16
	android:logo
		ADDED from AndroidManifest.xml:43:16
activity#com.google.zxing.client.android.CaptureActivity
ADDED from AndroidManifest.xml:46:5
	android:clearTaskOnLaunch
		ADDED from AndroidManifest.xml:48:15
	android:screenOrientation
		ADDED from AndroidManifest.xml:47:15
	android:stateNotNeeded
		ADDED from AndroidManifest.xml:49:15
	android:windowSoftInputMode
		ADDED from AndroidManifest.xml:51:15
	android:theme
		ADDED from AndroidManifest.xml:50:15
	android:name
		ADDED from AndroidManifest.xml:46:15
intent-filter#android.intent.action.MAIN+android.intent.category.LAUNCHER
ADDED from AndroidManifest.xml:52:7
action#android.intent.action.MAIN
ADDED from AndroidManifest.xml:53:9
	android:name
		ADDED from AndroidManifest.xml:53:17
category#android.intent.category.LAUNCHER
ADDED from AndroidManifest.xml:54:9
	android:name
		ADDED from AndroidManifest.xml:54:19
intent-filter#android.intent.category.DEFAULT+com.google.zxing.client.android.SCAN
ADDED from AndroidManifest.xml:56:7
action#com.google.zxing.client.android.SCAN
ADDED from AndroidManifest.xml:57:9
	android:name
		ADDED from AndroidManifest.xml:57:17
category#android.intent.category.DEFAULT
ADDED from AndroidManifest.xml:58:9
	android:name
		ADDED from AndroidManifest.xml:58:19
intent-filter#android.intent.action.VIEW+android.intent.category.BROWSABLE+android.intent.category.DEFAULT
ADDED from AndroidManifest.xml:61:7
action#android.intent.action.VIEW
ADDED from AndroidManifest.xml:62:9
	android:name
		ADDED from AndroidManifest.xml:62:17
category#android.intent.category.BROWSABLE
ADDED from AndroidManifest.xml:64:9
	android:name
		ADDED from AndroidManifest.xml:64:19
data
ADDED from AndroidManifest.xml:65:9
	android:path
		ADDED from AndroidManifest.xml:65:70
	android:host
		ADDED from AndroidManifest.xml:65:37
	android:scheme
		ADDED from AndroidManifest.xml:65:15
activity#com.google.zxing.client.android.PreferencesActivity
ADDED from AndroidManifest.xml:89:5
	android:label
		ADDED from AndroidManifest.xml:90:15
	android:stateNotNeeded
		ADDED from AndroidManifest.xml:91:15
	android:name
		ADDED from AndroidManifest.xml:89:15
activity#com.google.zxing.client.android.encode.EncodeActivity
ADDED from AndroidManifest.xml:92:5
	android:stateNotNeeded
		ADDED from AndroidManifest.xml:93:15
	android:name
		ADDED from AndroidManifest.xml:92:15
intent-filter#android.intent.category.DEFAULT+com.google.zxing.client.android.ENCODE
ADDED from AndroidManifest.xml:94:7
action#com.google.zxing.client.android.ENCODE
ADDED from AndroidManifest.xml:95:9
	android:name
		ADDED from AndroidManifest.xml:95:17
intent-filter#android.intent.action.SEND+android.intent.category.DEFAULT
ADDED from AndroidManifest.xml:99:7
action#android.intent.action.SEND
ADDED from AndroidManifest.xml:100:9
	android:name
		ADDED from AndroidManifest.xml:100:17
activity#com.google.zxing.client.android.book.SearchBookContentsActivity
ADDED from AndroidManifest.xml:111:5
	android:screenOrientation
		ADDED from AndroidManifest.xml:114:15
	android:label
		ADDED from AndroidManifest.xml:112:15
	android:stateNotNeeded
		ADDED from AndroidManifest.xml:113:15
	android:name
		ADDED from AndroidManifest.xml:111:15
intent-filter#android.intent.category.DEFAULT+com.google.zxing.client.android.SEARCH_BOOK_CONTENTS
ADDED from AndroidManifest.xml:115:7
action#com.google.zxing.client.android.SEARCH_BOOK_CONTENTS
ADDED from AndroidManifest.xml:116:9
	android:name
		ADDED from AndroidManifest.xml:116:17
activity#com.google.zxing.client.android.share.ShareActivity
ADDED from AndroidManifest.xml:120:5
	android:screenOrientation
		ADDED from AndroidManifest.xml:122:15
	android:stateNotNeeded
		ADDED from AndroidManifest.xml:121:15
	android:name
		ADDED from AndroidManifest.xml:120:15
intent-filter#android.intent.category.DEFAULT+com.google.zxing.client.android.SHARE
ADDED from AndroidManifest.xml:123:7
action#com.google.zxing.client.android.SHARE
ADDED from AndroidManifest.xml:124:9
	android:name
		ADDED from AndroidManifest.xml:124:17
activity#com.google.zxing.client.android.history.HistoryActivity
ADDED from AndroidManifest.xml:128:5
	android:label
		ADDED from AndroidManifest.xml:129:15
	android:stateNotNeeded
		ADDED from AndroidManifest.xml:130:15
	android:name
		ADDED from AndroidManifest.xml:128:15
activity#com.google.zxing.client.android.share.BookmarkPickerActivity
ADDED from AndroidManifest.xml:131:5
	android:label
		ADDED from AndroidManifest.xml:132:15
	android:stateNotNeeded
		ADDED from AndroidManifest.xml:133:15
	android:name
		ADDED from AndroidManifest.xml:131:15
activity#com.google.zxing.client.android.share.AppPickerActivity
ADDED from AndroidManifest.xml:134:5
	android:label
		ADDED from AndroidManifest.xml:135:15
	android:stateNotNeeded
		ADDED from AndroidManifest.xml:136:15
	android:name
		ADDED from AndroidManifest.xml:134:15
activity#com.google.zxing.client.android.HelpActivity
ADDED from AndroidManifest.xml:137:5
	android:screenOrientation
		ADDED from AndroidManifest.xml:139:15
	android:label
		ADDED from AndroidManifest.xml:138:15
	android:stateNotNeeded
		ADDED from AndroidManifest.xml:140:15
	android:name
		ADDED from AndroidManifest.xml:137:15